<?xml version='1.0' encoding='UTF-8'?>
<result plugin="junit@1.20">
  <suites>
    <suite>
      <file>E:\workspace\Pilar_Repository\ausaVerPartes\junit\TEST-AUSA.ausaVerPartes.xml</file>
      <name>AUSA.ausaVerPartes</name>
      <stdout>El Archivo verPartesResultados_20170518152059 ha sido creado
</stdout>
      <stderr>Starting ChromeDriver 2.28.455520 (cc17746adff54984afff480136733114c6b3704b) on port 43685
Only local connections are allowed.
may 18, 2017 3:21:10 PM org.openqa.selenium.remote.ProtocolHandshake createSession
INFO: Detected dialect: OSS
</stderr>
      <duration>113.181</duration>
      <timestamp>2017-05-18T13:21:00</timestamp>
      <time>113.181</time>
      <cases>
        <case>
          <duration>111.45</duration>
          <className>AUSA.ausaVerPartes</className>
          <testName>ausaITSpage</testName>
          <skipped>false</skipped>
          <failedSince>0</failedSince>
        </case>
      </cases>
    </suite>
  </suites>
  <duration>113.181</duration>
  <keepLongStdio>false</keepLongStdio>
</result>