<?xml version='1.0' encoding='UTF-8'?>
<result plugin="junit@1.20">
  <suites>
    <suite>
      <file>E:\workspace\Pilar_Repository\ausaAgregarComPartes\junit\TEST-AUSA.ausaAddComm.xml</file>
      <name>AUSA.ausaAddComm</name>
      <stdout>Se ha creado una Comunicaci√≥n a la parte 840 y se ha creado un Archivo Log addComArchivo_20170526015056 con los datos agregados
</stdout>
      <stderr>Starting ChromeDriver 2.28.455520 (cc17746adff54984afff480136733114c6b3704b) on port 8712
Only local connections are allowed.
may 26, 2017 1:51:01 AM org.openqa.selenium.remote.ProtocolHandshake createSession
INFO: Detected dialect: OSS
</stderr>
      <duration>114.404</duration>
      <timestamp>2017-05-25T23:50:57</timestamp>
      <time>114.404</time>
      <cases>
        <case>
          <duration>114.164</duration>
          <className>AUSA.ausaAddComm</className>
          <testName>ausaITSpage</testName>
          <skipped>false</skipped>
          <failedSince>0</failedSince>
        </case>
      </cases>
    </suite>
  </suites>
  <duration>114.404</duration>
  <keepLongStdio>false</keepLongStdio>
</result>