<?xml version='1.0' encoding='UTF-8'?>
<result plugin="junit@1.20">
  <suites>
    <suite>
      <file>E:\workspace\Pilar_Repository\ausaBuscarPartes\junit\TEST-AUSA.ausaBuscarPartes.xml</file>
      <name>AUSA.ausaBuscarPartes</name>
      <stdout>Se han encontrado 25 Registro/s
</stdout>
      <stderr>Starting ChromeDriver 2.28.455520 (cc17746adff54984afff480136733114c6b3704b) on port 44918
Only local connections are allowed.
may 04, 2017 2:57:20 PM org.openqa.selenium.remote.ProtocolHandshake createSession
INFO: Detected dialect: OSS
</stderr>
      <duration>80.991</duration>
      <timestamp>2017-05-04T12:57:16</timestamp>
      <time>80.991</time>
      <cases>
        <case>
          <duration>80.749</duration>
          <className>AUSA.ausaBuscarPartes</className>
          <testName>ausaITSpage</testName>
          <skipped>false</skipped>
          <failedSince>0</failedSince>
        </case>
      </cases>
    </suite>
  </suites>
  <duration>80.991</duration>
  <keepLongStdio>false</keepLongStdio>
</result>