<?xml version='1.0' encoding='UTF-8'?>
<result plugin="junit@1.20">
  <suites>
    <suite>
      <file>E:\workspace\Pilar_Repository\ausaBorrarPartes\junit\TEST-AUSA.ausaDelPartes.xml</file>
      <name>AUSA.ausaDelPartes</name>
      <stdout>ERROR EN BUSQUEDA: Ningún parte encontrado para los criterios de selección introducidos. Ver Imagen de Captura Busqueda.jpeg
</stdout>
      <stderr>Starting ChromeDriver 2.28.455520 (cc17746adff54984afff480136733114c6b3704b) on port 15190
Only local connections are allowed.
may 18, 2017 3:25:41 PM org.openqa.selenium.remote.ProtocolHandshake createSession
INFO: Detected dialect: OSS
</stderr>
      <duration>58.453</duration>
      <timestamp>2017-05-18T13:25:35</timestamp>
      <time>58.453</time>
      <cases>
        <case>
          <duration>57.654</duration>
          <className>AUSA.ausaDelPartes</className>
          <testName>ausaITSpage</testName>
          <skipped>false</skipped>
          <failedSince>0</failedSince>
        </case>
      </cases>
    </suite>
  </suites>
  <duration>58.453</duration>
  <keepLongStdio>false</keepLongStdio>
</result>