<?xml version='1.0' encoding='UTF-8'?>
<result plugin="junit@1.20">
  <suites>
    <suite>
      <file>E:\workspace\Pilar_Repository\ausaAgregarComPartes\junit\TEST-AUSA.ausaAddComm.xml</file>
      <name>AUSA.ausaAddComm</name>
      <stdout>Se ha creado una Comunicaci√≥n a la parte 842 y se ha creado un Archivo Log addComArchivo_20170525135057 con los datos agregados
</stdout>
      <stderr>Starting ChromeDriver 2.28.455520 (cc17746adff54984afff480136733114c6b3704b) on port 5134
Only local connections are allowed.
may 25, 2017 1:51:00 PM org.openqa.selenium.remote.ProtocolHandshake createSession
INFO: Detected dialect: OSS
</stderr>
      <duration>70.972</duration>
      <timestamp>2017-05-25T11:50:57</timestamp>
      <time>70.972</time>
      <cases>
        <case>
          <duration>70.727</duration>
          <className>AUSA.ausaAddComm</className>
          <testName>ausaITSpage</testName>
          <skipped>false</skipped>
          <failedSince>0</failedSince>
        </case>
      </cases>
    </suite>
  </suites>
  <duration>70.972</duration>
  <keepLongStdio>false</keepLongStdio>
</result>