<?xml version='1.0' encoding='UTF-8'?>
<result plugin="junit@1.20">
  <suites>
    <suite>
      <file>E:\workspace\Pilar_Repository\ausaAgregarComPartes\junit\TEST-AUSA.ausaAddComm.xml</file>
      <name>AUSA.ausaAddComm</name>
      <stdout>Se ha creado una Comunicaci√≥n a la parte 842 y se ha creado un Archivo Log addComArchivo_20170526055056 con los datos agregados
</stdout>
      <stderr>Starting ChromeDriver 2.28.455520 (cc17746adff54984afff480136733114c6b3704b) on port 29390
Only local connections are allowed.
may 26, 2017 5:51:00 AM org.openqa.selenium.remote.ProtocolHandshake createSession
INFO: Detected dialect: OSS
</stderr>
      <duration>74.696</duration>
      <timestamp>2017-05-26T03:50:56</timestamp>
      <time>74.696</time>
      <cases>
        <case>
          <duration>74.455</duration>
          <className>AUSA.ausaAddComm</className>
          <testName>ausaITSpage</testName>
          <skipped>false</skipped>
          <failedSince>0</failedSince>
        </case>
      </cases>
    </suite>
  </suites>
  <duration>74.696</duration>
  <keepLongStdio>false</keepLongStdio>
</result>