<?xml version="1.0" encoding="UTF-8" ?>
<testsuite errors="1" failures="0" hostname="VirtualQA-Autom" name="AUSA.ausaBuscarPartes" skipped="0" tests="1" time="0.0" timestamp="2017-04-25T12:04:23">
  <properties>
    <property name="java.vendor" value="Oracle Corporation" />
    <property name="env.USERDOMAIN_ROAMINGPROFILE" value="TECSIDEL" />
    <property name="sun.java.launcher" value="SUN_STANDARD" />
    <property name="eclipse.pdebuild.templates" value="/C:/Users/Garciaf/eclipse/committers-neon/eclipse/../../../.p2/pool/plugins/org.eclipse.pde.build_3.9.200.v20160204-0642/templates/" />
    <property name="sun.management.compiler" value="HotSpot 64-Bit Tiered Compilers" />
    <property name="env.PROMPT" value="$P$G" />
    <property name="os.name" value="Windows Server 2012 R2" />
    <property name="env.FP_NO_HOST_CHECK" value="NO" />
    <property name="sun.boot.class.path" value="C:\Program Files\Java\jdk1.8.0_131\jre\lib\resources.jar;C:\Program Files\Java\jdk1.8.0_131\jre\lib\rt.jar;C:\Program Files\Java\jdk1.8.0_131\jre\lib\sunrsasign.jar;C:\Program Files\Java\jdk1.8.0_131\jre\lib\jsse.jar;C:\Program Files\Java\jdk1.8.0_131\jre\lib\jce.jar;C:\Program Files\Java\jdk1.8.0_131\jre\lib\charsets.jar;C:\Program Files\Java\jdk1.8.0_131\jre\lib\jfr.jar;C:\Program Files\Java\jdk1.8.0_131\jre\classes" />
    <property name="env.COMPUTERNAME" value="VIRTUALQA-AUTOM" />
    <property name="env.CommonProgramW6432" value="C:\Program Files\Common Files" />
    <property name="user.country.format" value="ES" />
    <property name="env.ALLUSERSPROFILE" value="C:\ProgramData" />
    <property name="sun.desktop" value="windows" />
    <property name="java.vm.specification.vendor" value="Oracle Corporation" />
    <property name="ant.home" value="C:\Users\Garciaf\.p2\pool\plugins\org.apache.ant_1.9.6.v201510161327" />
    <property name="java.runtime.version" value="1.8.0_131-b11" />
    <property name="env.HOMEPATH" value="\Users\Garciaf" />
    <property name="user.name" value="garciaf" />
    <property name="user.language.format" value="es" />
    <property name="user.language" value="en" />
    <property name="sun.boot.library.path" value="C:\Program Files\Java\jdk1.8.0_131\jre\bin" />
    <property name="ant.project.default-target" value="build" />
    <property name="ant.file.Tecsidel_ITS" value="E:\workspace\Tecsidel_ITS\build.xml" />
    <property name="ant.project.name" value="Tecsidel_ITS" />
    <property name="java.version" value="1.8.0_131" />
    <property name="env.PROCESSOR_IDENTIFIER" value="Intel64 Family 6 Model 79 Stepping 1, GenuineIntel" />
    <property name="user.timezone" value="" />
    <property name="ant.file.type.Tecsidel_ITS" value="file" />
    <property name="env.CLIENTNAME" value="GARCIA-F" />
    <property name="env.TEMP" value="C:\Users\Garciaf\AppData\Local\Temp\2" />
    <property name="sun.arch.data.model" value="64" />
    <property name="java.endorsed.dirs" value="C:\Program Files\Java\jdk1.8.0_131\jre\lib\endorsed" />
    <property name="sun.cpu.isalist" value="amd64" />
    <property name="env.HOMEDRIVE" value="C:" />
    <property name="sun.jnu.encoding" value="Cp1252" />
    <property name="file.encoding.pkg" value="sun.io" />
    <property name="ECLIPSE_HOME" value="C:/Users/Garciaf/eclipse/committers-neon/eclipse/" />
    <property name="file.separator" value="\" />
    <property name="java.specification.name" value="Java Platform API Specification" />
    <property name="java.class.version" value="52.0" />
    <property name="user.country" value="US" />
    <property name="java.home" value="C:\Program Files\Java\jdk1.8.0_131\jre" />
    <property name="env.PSModulePath" value="C:\Windows\system32\WindowsPowerShell\v1.0\Modules\" />
    <property name="env.APPDATA" value="C:\Users\Garciaf\AppData\Roaming" />
    <property name="env.PUBLIC" value="C:\Users\Public" />
    <property name="java.vm.info" value="mixed mode" />
    <property name="env.ComSpec" value="C:\Windows\system32\cmd.exe" />
    <property name="env.OS" value="Windows_NT" />
    <property name="env.CommonProgramFiles" value="C:\Program Files\Common Files" />
    <property name="ant.file" value="E:\workspace\Tecsidel_ITS\build.xml" />
    <property name="os.version" value="6.3" />
    <property name="env.ProgramW6432" value="C:\Program Files" />
    <property name="path.separator" value=";" />
    <property name="java.vm.version" value="25.131-b11" />
    <property name="env.USERPROFILE" value="C:\Users\Garciaf" />
    <property name="user.variant" value="" />
    <property name="ant.library.dir" value="C:\Users\Garciaf\.p2\pool\plugins\org.apache.ant_1.9.6.v201510161327\lib" />
    <property name="junit.output.dir" value="junit" />
    <property name="java.awt.printerjob" value="sun.awt.windows.WPrinterJob" />
    <property name="env.TMP" value="C:\Users\Garciaf\AppData\Local\Temp\2" />
    <property name="sun.io.unicode.encoding" value="UnicodeLittle" />
    <property name="awt.toolkit" value="sun.awt.windows.WToolkit" />
    <property name="user.script" value="" />
    <property name="eclipse.pdebuild.scripts" value="/C:/Users/Garciaf/eclipse/committers-neon/eclipse/../../../.p2/pool/plugins/org.eclipse.pde.build_3.9.200.v20160204-0642/scripts/" />
    <property name="user.home" value="C:\Users\Garciaf" />
    <property name="target" value="1.8" />
    <property name="env.ProgramData" value="C:\ProgramData" />
    <property name="env.VS140COMNTOOLS" value="C:\Program Files (x86)\Microsoft Visual Studio 14.0\Common7\Tools\" />
    <property name="env.SESSIONNAME" value="RDP-Tcp#5" />
    <property name="env.ProgramFiles(x86)" value="C:\Program Files (x86)" />
    <property name="java.specification.vendor" value="Oracle Corporation" />
    <property name="java.library.path" value="C:\Program Files\Java\jdk1.8.0_131\jre\bin;C:\Windows\Sun\Java\bin;C:\Windows\system32;C:\Windows;C:/Program Files/Java/jre1.8.0_131/bin/server;C:/Program Files/Java/jre1.8.0_131/bin;C:/Program Files/Java/jre1.8.0_131/lib/amd64;C:\ProgramData\Oracle\Java\javapath;C:\Windows\system32;C:\Windows;C:\Windows\System32\Wbem;C:\Windows\System32\WindowsPowerShell\v1.0\;C:\Program Files (x86)\Microsoft SQL Server\100\Tools\Binn\;C:\Program Files\Microsoft SQL Server\100\Tools\Binn\;C:\Program Files\Microsoft SQL Server\100\DTS\Binn\;C:\Program Files (x86)\Microsoft SQL Server\100\Tools\Binn\VSShell\Common7\IDE\;C:\Program Files (x86)\Microsoft SQL Server\100\DTS\Binn\;C:\Windows\system32\config\systemprofile\.dnx\bin;C:\Program Files\Microsoft DNX\Dnvm\;C:\Program Files\Microsoft SQL Server\130\Tools\Binn\;C:\Program Files\Git\cmd;C:\Users\Garciaf\Desktop;;." />
    <property name="env.NUMBER_OF_PROCESSORS" value="1" />
    <property name="java.vendor.url" value="http://java.oracle.com/" />
    <property name="env.USERDNSDOMAIN" value="TECSIDEL.ES" />
    <property name="java.vm.vendor" value="Oracle Corporation" />
    <property name="java.runtime.name" value="Java(TM) SE Runtime Environment" />
    <property name="ant.version" value="Apache Ant(TM) version 1.9.6 compiled on June 29 2015" />
    <property name="java.class.path" value="E:\workspace\Tecsidel_ITS\lib\cglib-nodep-3.2.4.jar;E:\workspace\Tecsidel_ITS\lib\commons-codec-1.10.jar;E:\workspace\Tecsidel_ITS\lib\commons-exec-1.3.jar;E:\workspace\Tecsidel_ITS\lib\commons-io-2.5.jar;E:\workspace\Tecsidel_ITS\lib\commons-lang3-3.5.jar;E:\workspace\Tecsidel_ITS\lib\commons-logging-1.2.jar;E:\workspace\Tecsidel_ITS\lib\cssparser-0.9.21.jar;E:\workspace\Tecsidel_ITS\lib\gson-2.8.0.jar;E:\workspace\Tecsidel_ITS\lib\guava-21.0.jar;E:\workspace\Tecsidel_ITS\lib\hamcrest-core-1.3.jar;E:\workspace\Tecsidel_ITS\lib\hamcrest-library-1.3.jar;E:\workspace\Tecsidel_ITS\lib\htmlunit-2.24.jar;E:\workspace\Tecsidel_ITS\lib\htmlunit-core-js-2.23.jar;E:\workspace\Tecsidel_ITS\lib\htmlunit-driver-2.24.jar;E:\workspace\Tecsidel_ITS\lib\httpclient-4.5.2.jar;E:\workspace\Tecsidel_ITS\lib\httpcore-4.4.4.jar;E:\workspace\Tecsidel_ITS\lib\httpmime-4.5.2.jar;E:\workspace\Tecsidel_ITS\lib\javax.servlet-api-3.1.0.jar;E:\workspace\Tecsidel_ITS\lib\jetty-io-9.4.1.v20170120.jar;E:\workspace\Tecsidel_ITS\lib\jetty-util-9.4.1.v20170120.jar;E:\workspace\Tecsidel_ITS\lib\jna-4.1.0.jar;E:\workspace\Tecsidel_ITS\lib\jna-platform-4.1.0.jar;E:\workspace\Tecsidel_ITS\lib\junit-4.12.jar;E:\workspace\Tecsidel_ITS\lib\neko-htmlunit-2.24.jar;E:\workspace\Tecsidel_ITS\lib\phantomjsdriver-1.4.0.jar;E:\workspace\Tecsidel_ITS\lib\sac-1.3.jar;E:\workspace\Tecsidel_ITS\lib\selenium-server-standalone-3.3.1.jar;E:\workspace\Tecsidel_ITS\lib\serializer-2.7.2.jar;E:\workspace\Tecsidel_ITS\lib\websocket-api-9.2.20.v20161216.jar;E:\workspace\Tecsidel_ITS\lib\websocket-client-9.2.20.v20161216.jar;E:\workspace\Tecsidel_ITS\lib\websocket-common-9.2.20.v20161216.jar;E:\workspace\Tecsidel_ITS\lib\xalan-2.7.2.jar;E:\workspace\Tecsidel_ITS\lib\xercesImpl-2.11.0.jar;E:\workspace\Tecsidel_ITS\lib\xml-apis-1.4.01.jar;C:\Program Files\Java\jdk1.8.0_131\lib\tools.jar;C:\Users\Garciaf\.p2\pool\plugins\org.apache.ant_1.9.6.v201510161327\lib\ant-launcher.jar;C:\Users\Garciaf\.p2\pool\plugins\org.apache.ant_1.9.6.v201510161327\lib\ant.jar;C:\Users\Garciaf\.p2\pool\plugins\org.apache.ant_1.9.6.v201510161327\lib\ant-junit.jar;C:\Users\Garciaf\.p2\pool\plugins\org.apache.ant_1.9.6.v201510161327\lib\ant-junit4.jar" />
    <property name="sun.java.command" value="org.apache.tools.ant.taskdefs.optional.junit.JUnitTestRunner AUSA.ausaBuscarPartes skipNonTests=false filtertrace=true haltOnError=false haltOnFailure=false formatter=org.apache.tools.ant.taskdefs.optional.junit.OutErrSummaryJUnitResultFormatter showoutput=false outputtoformatters=true logfailedtests=true threadid=0 logtestlistenerevents=false formatter=org.apache.tools.ant.taskdefs.optional.junit.XMLJUnitResultFormatter,E:\workspace\Tecsidel_ITS\junit\TEST-AUSA.ausaBuscarPartes.xml crashfile=E:\workspace\Tecsidel_ITS\junitvmwatcher6933190550962645768.properties propsfile=E:\workspace\Tecsidel_ITS\junit6760827473816205429.properties" />
    <property name="java.vm.specification.name" value="Java Virtual Machine Specification" />
    <property name="env.LOGONSERVER" value="\\SRV-BCN-DC" />
    <property name="env.windir" value="C:\Windows" />
    <property name="env.PROCESSOR_ARCHITECTURE" value="AMD64" />
    <property name="java.vm.specification.version" value="1.8" />
    <property name="sun.os.patch.level" value="" />
    <property name="sun.cpu.endian" value="little" />
    <property name="debuglevel" value="source,lines,vars" />
    <property name="env.ProgramFiles" value="C:\Program Files" />
    <property name="env.ANT_HOME" value="C:\Users\Garciaf\.p2\pool\plugins\org.apache.ant_1.9.6.v201510161327" />
    <property name="java.io.tmpdir" value="C:\Users\Garciaf\AppData\Local\Temp\2\" />
    <property name="env.PROCESSOR_REVISION" value="4f01" />
    <property name="eclipse.pdebuild.home" value="/C:/Users/Garciaf/eclipse/committers-neon/eclipse/../../../.p2/pool/plugins/org.eclipse.pde.build_3.9.200.v20160204-0642/./" />
    <property name="env.CommonProgramFiles(x86)" value="C:\Program Files (x86)\Common Files" />
    <property name="java.vendor.url.bug" value="http://bugreport.sun.com/bugreport/" />
    <property name="env.SystemRoot" value="C:\Windows" />
    <property name="os.arch" value="amd64" />
    <property name="java.awt.graphicsenv" value="sun.awt.Win32GraphicsEnvironment" />
    <property name="java.ext.dirs" value="C:\Program Files\Java\jdk1.8.0_131\jre\lib\ext;C:\Windows\Sun\Java\lib\ext" />
    <property name="user.dir" value="E:\workspace\Tecsidel_ITS" />
    <property name="env.LOCALAPPDATA" value="C:\Users\Garciaf\AppData\Local" />
    <property name="line.separator" value="&#xd;&#xa;" />
    <property name="java.vm.name" value="Java HotSpot(TM) 64-Bit Server VM" />
    <property name="env.PATHEXT" value=".COM;.EXE;.BAT;.CMD;.VBS;.VBE;.JS;.JSE;.WSF;.WSH;.MSC" />
    <property name="env.Path" value="C:/Program Files/Java/jre1.8.0_131/bin/server;C:/Program Files/Java/jre1.8.0_131/bin;C:/Program Files/Java/jre1.8.0_131/lib/amd64;C:\ProgramData\Oracle\Java\javapath;C:\Windows\system32;C:\Windows;C:\Windows\System32\Wbem;C:\Windows\System32\WindowsPowerShell\v1.0\;C:\Program Files (x86)\Microsoft SQL Server\100\Tools\Binn\;C:\Program Files\Microsoft SQL Server\100\Tools\Binn\;C:\Program Files\Microsoft SQL Server\100\DTS\Binn\;C:\Program Files (x86)\Microsoft SQL Server\100\Tools\Binn\VSShell\Common7\IDE\;C:\Program Files (x86)\Microsoft SQL Server\100\DTS\Binn\;C:\Windows\system32\config\systemprofile\.dnx\bin;C:\Program Files\Microsoft DNX\Dnvm\;C:\Program Files\Microsoft SQL Server\130\Tools\Binn\;C:\Program Files\Git\cmd;C:\Users\Garciaf\Desktop;" />
    <property name="basedir" value="E:\workspace\Tecsidel_ITS" />
    <property name="ant.java.version" value="1.8" />
    <property name="ant.core.lib" value="C:\Users\Garciaf\.p2\pool\plugins\org.apache.ant_1.9.6.v201510161327\lib\ant.jar" />
    <property name="env.USERNAME" value="garciaf" />
    <property name="env.SystemDrive" value="C:" />
    <property name="source" value="1.8" />
    <property name="file.encoding" value="Cp1252" />
    <property name="env.USERDOMAIN" value="TECSIDEL" />
    <property name="java.specification.version" value="1.8" />
    <property name="ant.project.invoked-targets" value="build,ausaBuscarPartes,junitreport" />
    <property name="env.PROCESSOR_LEVEL" value="6" />
  </properties>
  <error message="AUSA.ausaBuscarPartes" type="java.lang.ClassNotFoundException">java.lang.ClassNotFoundException: AUSA.ausaBuscarPartes
	at java.net.URLClassLoader.findClass(URLClassLoader.java:381)
	at java.lang.ClassLoader.loadClass(ClassLoader.java:424)
	at sun.misc.Launcher$AppClassLoader.loadClass(Launcher.java:335)
	at java.lang.ClassLoader.loadClass(ClassLoader.java:357)
	at java.lang.Class.forName0(Native Method)
	at java.lang.Class.forName(Class.java:264)
</error>
  <system-out><![CDATA[]]></system-out>
  <system-err><![CDATA[]]></system-err>
</testsuite>
