<?xml version='1.0' encoding='UTF-8'?>
<result plugin="junit@1.20">
  <suites>
    <suite>
      <file>E:\workspace\Pilar_Repository\ausaVerPartes\junit\TEST-AUSA.ausaVerPartes.xml</file>
      <name>AUSA.ausaVerPartes</name>
      <stdout>El Archivo verPartesResultados_20170504173727 ha sido creado
</stdout>
      <stderr>Starting ChromeDriver 2.28.455520 (cc17746adff54984afff480136733114c6b3704b) on port 15685
Only local connections are allowed.
may 04, 2017 5:37:41 PM org.openqa.selenium.remote.ProtocolHandshake createSession
INFO: Detected dialect: OSS
</stderr>
      <duration>224.185</duration>
      <timestamp>2017-05-04T15:37:28</timestamp>
      <time>224.185</time>
      <cases>
        <case>
          <duration>223.498</duration>
          <className>AUSA.ausaVerPartes</className>
          <testName>ausaITSpage</testName>
          <skipped>false</skipped>
          <failedSince>0</failedSince>
        </case>
      </cases>
    </suite>
  </suites>
  <duration>224.185</duration>
  <keepLongStdio>false</keepLongStdio>
</result>