<?xml version='1.0' encoding='UTF-8'?>
<result plugin="junit@1.20">
  <suites>
    <suite>
      <file>E:\workspace\Pilar_Repository\ausaModificaPartes\junit\TEST-AUSA.ausaModificarPartes.xml</file>
      <name>AUSA.ausaModificarPartes</name>
      <stdout>IB_other No est√° implementado
</stdout>
      <stderr>Starting ChromeDriver 2.28.455520 (cc17746adff54984afff480136733114c6b3704b) on port 6669
Only local connections are allowed.
may 18, 2017 3:48:51 PM org.openqa.selenium.remote.ProtocolHandshake createSession
INFO: Detected dialect: OSS
</stderr>
      <duration>201.636</duration>
      <timestamp>2017-05-18T13:48:37</timestamp>
      <time>201.636</time>
      <cases>
        <case>
          <duration>200.807</duration>
          <className>AUSA.ausaModificarPartes</className>
          <testName>ausaIssuesUpdate</testName>
          <skipped>false</skipped>
          <failedSince>0</failedSince>
        </case>
      </cases>
    </suite>
  </suites>
  <duration>201.636</duration>
  <keepLongStdio>false</keepLongStdio>
</result>