<?xml version='1.0' encoding='UTF-8'?>
<result plugin="junit@1.20">
  <suites>
    <suite>
      <file>E:\workspace\Pilar_Repository\ausaVerPartes\junit\TEST-AUSA.ausaVerPartes.xml</file>
      <name>AUSA.ausaVerPartes</name>
      <stdout></stdout>
      <stderr>Starting ChromeDriver 2.28.455520 (cc17746adff54984afff480136733114c6b3704b) on port 41967
Only local connections are allowed.
may 04, 2017 3:09:29 PM org.openqa.selenium.remote.ProtocolHandshake createSession
INFO: Detected dialect: OSS
org.openqa.selenium.NoSuchElementException: no such element: Unable to locate element: {&quot;method&quot;:&quot;id&quot;,&quot;selector&quot;:&quot;ctl00_ContentZone_cmb_template_cmb_dropdown&quot;}
  (Session info: chrome=58.0.3029.96)
  (Driver info: chromedriver=2.28.455520 (cc17746adff54984afff48
...[truncated 3745 chars]...
java:58)
	at org.junit.runners.ParentRunner$2.evaluate(ParentRunner.java:268)
	at org.junit.runners.ParentRunner.run(ParentRunner.java:363)
	at junit.framework.JUnit4TestAdapter.run(JUnit4TestAdapter.java:38)
	at org.apache.tools.ant.taskdefs.optional.junit.JUnitTestRunner.run(JUnitTestRunner.java:535)
	at org.apache.tools.ant.taskdefs.optional.junit.JUnitTestRunner.launch(JUnitTestRunner.java:1182)
	at org.apache.tools.ant.taskdefs.optional.junit.JUnitTestRunner.main(JUnitTestRunner.java:1033)
</stderr>
      <duration>183.83</duration>
      <timestamp>2017-05-04T13:09:25</timestamp>
      <time>183.83</time>
      <cases>
        <case>
          <duration>183.581</duration>
          <className>AUSA.ausaVerPartes</className>
          <testName>ausaITSpage</testName>
          <skipped>false</skipped>
          <failedSince>0</failedSince>
        </case>
      </cases>
    </suite>
    <suite>
      <file>E:\workspace\Pilar_Repository\ausaVerPartes\junit\TESTS-TestSuites.xml</file>
      <name>AUSA.ausaVerPartes</name>
      <stdout>El Archivo verPartesResultados_20170504150704 ha sido creado
</stdout>
      <stderr>Starting ChromeDriver 2.28.455520 (cc17746adff54984afff480136733114c6b3704b) on port 22455
Only local connections are allowed.
may 04, 2017 3:07:08 PM org.openqa.selenium.remote.ProtocolHandshake createSession
INFO: Detected dialect: OSS
</stderr>
      <duration>191.193</duration>
      <timestamp>2017-05-04T13:07:04</timestamp>
      <id>0</id>
      <time>191.193</time>
      <cases>
        <case>
          <duration>190.92</duration>
          <className>AUSA.ausaVerPartes</className>
          <testName>ausaITSpage</testName>
          <skipped>false</skipped>
          <failedSince>0</failedSince>
        </case>
      </cases>
    </suite>
  </suites>
  <duration>375.023</duration>
  <keepLongStdio>false</keepLongStdio>
</result>