<?xml version='1.0' encoding='UTF-8'?>
<result plugin="junit@1.20">
  <suites>
    <suite>
      <file>E:\workspace\Pilar_Repository\ausaBorrarPartes\junit\TEST-AUSA.ausaDelPartes.xml</file>
      <name>AUSA.ausaDelPartes</name>
      <stdout>ERROR AL ELIMINAR PARTE: No se puede eliminar un parte que est√© cerrado o finalizado. Ver Imagen de Captura noIssuesDeleted.jpeg
</stdout>
      <stderr>Starting ChromeDriver 2.28.455520 (cc17746adff54984afff480136733114c6b3704b) on port 23221
Only local connections are allowed.
may 18, 2017 5:42:46 PM org.openqa.selenium.remote.ProtocolHandshake createSession
INFO: Detected dialect: OSS
</stderr>
      <duration>181.049</duration>
      <timestamp>2017-05-18T15:42:37</timestamp>
      <time>181.049</time>
      <cases>
        <case>
          <duration>180.377</duration>
          <className>AUSA.ausaDelPartes</className>
          <testName>ausaITSpage</testName>
          <skipped>false</skipped>
          <failedSince>0</failedSince>
        </case>
      </cases>
    </suite>
  </suites>
  <duration>181.049</duration>
  <keepLongStdio>false</keepLongStdio>
</result>