<?xml version='1.0' encoding='UTF-8'?>
<result plugin="junit@1.20">
  <suites>
    <suite>
      <file>E:\workspace\Pilar_Repository\ausaBuscarPartes\junit\TEST-AUSA.ausaBuscarPartes.xml</file>
      <name>AUSA.ausaBuscarPartes</name>
      <stdout>Se han encontrado 75 Registro/s
</stdout>
      <stderr>Starting ChromeDriver 2.28.455520 (cc17746adff54984afff480136733114c6b3704b) on port 31553
Only local connections are allowed.
may 15, 2017 6:02:32 PM org.openqa.selenium.remote.ProtocolHandshake createSession
INFO: Detected dialect: OSS
</stderr>
      <duration>67.15</duration>
      <timestamp>2017-05-15T16:02:28</timestamp>
      <time>67.15</time>
      <cases>
        <case>
          <duration>66.903</duration>
          <className>AUSA.ausaBuscarPartes</className>
          <testName>ausaITSpage</testName>
          <skipped>false</skipped>
          <failedSince>0</failedSince>
        </case>
      </cases>
    </suite>
  </suites>
  <duration>67.15</duration>
  <keepLongStdio>false</keepLongStdio>
</result>