<?xml version='1.0' encoding='UTF-8'?>
<result plugin="junit@1.20">
  <suites>
    <suite>
      <file>E:\workspace\Pilar_Repository\ausaModificaPartes\junit\TEST-AUSA.ausaModificarPartes.xml</file>
      <name>AUSA.ausaModificarPartes</name>
      <stdout>El Componente Vehiculo ha sido creado para la Parte No. 831
</stdout>
      <stderr>Starting ChromeDriver 2.28.455520 (cc17746adff54984afff480136733114c6b3704b) on port 35041
Only local connections are allowed.
may 04, 2017 3:57:19 PM org.openqa.selenium.remote.ProtocolHandshake createSession
INFO: Detected dialect: OSS
</stderr>
      <duration>187.942</duration>
      <timestamp>2017-05-04T13:57:15</timestamp>
      <time>187.942</time>
      <cases>
        <case>
          <duration>187.699</duration>
          <className>AUSA.ausaModificarPartes</className>
          <testName>ausaIssuesUpdate</testName>
          <skipped>false</skipped>
          <failedSince>0</failedSince>
        </case>
      </cases>
    </suite>
  </suites>
  <duration>187.942</duration>
  <keepLongStdio>false</keepLongStdio>
</result>