<?xml version='1.0' encoding='UTF-8'?>
<result plugin="junit@1.20">
  <suites>
    <suite>
      <file>E:\workspace\Pilar_Repository\ausaModificaPartes\junit\TEST-AUSA.ausaModificarPartes.xml</file>
      <name>AUSA.ausaModificarPartes</name>
      <stdout>El Componente Ambulancia ha sido creado para la Parte No. 832
</stdout>
      <stderr>Starting ChromeDriver 2.28.455520 (cc17746adff54984afff480136733114c6b3704b) on port 27458
Only local connections are allowed.
may 04, 2017 3:17:56 PM org.openqa.selenium.remote.ProtocolHandshake createSession
INFO: Detected dialect: OSS
</stderr>
      <duration>169.935</duration>
      <timestamp>2017-05-04T13:17:52</timestamp>
      <time>169.935</time>
      <cases>
        <case>
          <duration>169.293</duration>
          <className>AUSA.ausaModificarPartes</className>
          <testName>ausaIssuesUpdate</testName>
          <skipped>false</skipped>
          <failedSince>0</failedSince>
        </case>
      </cases>
    </suite>
  </suites>
  <duration>169.935</duration>
  <keepLongStdio>false</keepLongStdio>
</result>