<?xml version='1.0' encoding='UTF-8'?>
<result plugin="junit@1.20">
  <suites>
    <suite>
      <file>E:\workspace\Pilar_Repository\ausaAgregarComPartes\junit\TEST-AUSA.ausaAddComm.xml</file>
      <name>AUSA.ausaAddComm</name>
      <stdout>Se ha creado una Comunicaci√≥n a la parte 842 y se ha creado un Archivo Log addComArchivo_20170523105558 con los datos agregados
</stdout>
      <stderr>Starting ChromeDriver 2.28.455520 (cc17746adff54984afff480136733114c6b3704b) on port 26466
Only local connections are allowed.
may 23, 2017 10:56:02 AM org.openqa.selenium.remote.ProtocolHandshake createSession
INFO: Detected dialect: OSS
</stderr>
      <duration>107.093</duration>
      <timestamp>2017-05-23T08:55:58</timestamp>
      <time>107.093</time>
      <cases>
        <case>
          <duration>106.85</duration>
          <className>AUSA.ausaAddComm</className>
          <testName>ausaITSpage</testName>
          <skipped>false</skipped>
          <failedSince>0</failedSince>
        </case>
      </cases>
    </suite>
  </suites>
  <duration>107.093</duration>
  <keepLongStdio>false</keepLongStdio>
</result>