<?xml version='1.0' encoding='UTF-8'?>
<result plugin="junit@1.20">
  <suites>
    <suite>
      <file>E:\workspace\Pilar_Repository\ausaCrearPartes\junit\TEST-AUSA.ausaCrearPartes.xml</file>
      <name>AUSA.ausaCrearPartes</name>
      <stdout>Se ha creado parte No. 836 correctamente. Verificar archivo log crearPartesResultadosSuccess_20170504141028 con los datos creados
</stdout>
      <stderr>Starting ChromeDriver 2.28.455520 (cc17746adff54984afff480136733114c6b3704b) on port 9339
Only local connections are allowed.
may 04, 2017 2:10:34 PM org.openqa.selenium.remote.ProtocolHandshake createSession
INFO: Detected dialect: OSS
</stderr>
      <duration>293.897</duration>
      <timestamp>2017-05-04T12:10:28</timestamp>
      <time>293.897</time>
      <cases>
        <case>
          <duration>293.086</duration>
          <className>AUSA.ausaCrearPartes</className>
          <testName>ausaIssuescreate</testName>
          <skipped>false</skipped>
          <failedSince>0</failedSince>
        </case>
      </cases>
    </suite>
  </suites>
  <duration>293.897</duration>
  <keepLongStdio>false</keepLongStdio>
</result>